<?xml version="1.0" encoding="UTF-8"?>
<testsuite name="coinCombinationTest" tests="6" skipped="0" failures="0" errors="0" timestamp="2016-04-21T18:25:58" hostname="epicodus-49.local" time="0.002">
  <properties/>
  <testcase name="runCoinCombination_getInputReturnEquivalentquartersAndDimes_ArrayList" classname="coinCombinationTest" time="0.001"/>
  <testcase name="runCoinCombination_getInputReturnEquivalentNickelsandP_ArrayList" classname="coinCombinationTest" time="0.0"/>
  <testcase name="runCoinCombination_getInputReturnEquivalentQandDandNandP_ArrayList" classname="coinCombinationTest" time="0.0"/>
  <testcase name="runCoinCombination_getInputReturnEquivalentQuarters_ArrayList" classname="coinCombinationTest" time="0.0"/>
  <testcase name="runCoinCombination_getInputReturnEquivalentPennies_ArrayList" classname="coinCombinationTest" time="0.0"/>
  <testcase name="runCoinCombination_getInputReturnEquivalentQandDandN_ArrayList" classname="coinCombinationTest" time="0.0"/>
  <system-out><![CDATA[]]></system-out>
  <system-err><![CDATA[]]></system-err>
</testsuite>
