<?xml version="1.0" encoding="UTF-8"?>
<testsuite name="coinCombinationTest" tests="1" skipped="0" failures="0" errors="0" timestamp="2016-04-21T15:58:55" hostname="epicodus-49.local" time="0.001">
  <properties/>
  <testcase name="runCoinCombination_getInputReturnOutput_true" classname="coinCombinationTest" time="0.001"/>
  <system-out><![CDATA[]]></system-out>
  <system-err><![CDATA[]]></system-err>
</testsuite>
